2020-11-12 14:03:00.176 +08:00 [GateWay] [Information] SkyApm.InstrumentStartup : Initializing ...
2020-11-12 14:03:00.238 +08:00 [GateWay] [Information] SkyApm.Service.RegisterService : Loaded instrument service [SkyApm.Service.RegisterService].
2020-11-12 14:03:00.238 +08:00 [GateWay] [Information] SkyApm.Service.PingService : Loaded instrument service [SkyApm.Service.PingService].
2020-11-12 14:03:00.239 +08:00 [GateWay] [Information] SkyApm.Service.ServiceDiscoveryV5Service : Loaded instrument service [SkyApm.Service.ServiceDiscoveryV5Service].
2020-11-12 14:03:00.239 +08:00 [GateWay] [Information] SkyApm.Service.SegmentReportService : Loaded instrument service [SkyApm.Service.SegmentReportService].
2020-11-12 14:03:00.239 +08:00 [GateWay] [Information] SkyApm.Service.CLRStatsService : Loaded instrument service [SkyApm.Service.CLRStatsService].
2020-11-12 14:03:00.239 +08:00 [GateWay] [Information] SkyApm.Sampling.SimpleCountSamplingInterceptor : Loaded instrument service [SkyApm.Sampling.SimpleCountSamplingInterceptor].
2020-11-12 14:03:00.240 +08:00 [GateWay] [Information] SkyApm.Transport.Grpc.V6.ConnectService : Loaded instrument service [SkyApm.Transport.Grpc.V6.ConnectService].
2020-11-12 14:03:00.304 +08:00 [GateWay] [Information] SkyApm.Diagnostics.TracingDiagnosticProcessorObserver : Loaded diagnostic listener [Microsoft.AspNetCore].
2020-11-12 14:03:00.304 +08:00 [GateWay] [Information] SkyApm.InstrumentStartup : Started SkyAPM .NET Core Agent.
2020-11-12 14:03:00.422 +08:00 [GateWay] [Information] SkyApm.Transport.Grpc.ConnectionManager : Connected server[120.79.246.191:11800].
2020-11-12 14:03:01.129 +08:00 [GateWay] [Error] SkyApm.Transport.Grpc.V6.ServiceRegister : Register service fail.
Grpc.Core.RpcException: Status(StatusCode=Unimplemented, Detail="Method not found: Register/doServiceRegister")
   at SkyApm.Transport.Grpc.V6.ServiceRegister.<>c__DisplayClass9_0.<<RegisterServiceAsync>b__0>d.MoveNext()
--- End of stack trace from previous location where exception was thrown ---
   at SkyApm.Transport.Grpc.Common.Call.Execute[T](Func`1 task, Func`1 errCallback, Func`1 errMessage)
2020-11-12 14:03:01.129 +08:00 [GateWay] [Warning] SkyApm.Transport.Grpc.ConnectionManager : Connection state changed. Connected -> Ready . Status(StatusCode=Unimplemented, Detail="Method not found: Register/doServiceRegister")
2020-11-12 15:24:55.442 +08:00 [GateWay] [Information] SkyApm.InstrumentStartup : Initializing ...
2020-11-12 15:24:55.489 +08:00 [GateWay] [Information] SkyApm.Service.RegisterService : Loaded instrument service [SkyApm.Service.RegisterService].
2020-11-12 15:24:55.490 +08:00 [GateWay] [Information] SkyApm.Service.PingService : Loaded instrument service [SkyApm.Service.PingService].
2020-11-12 15:24:55.490 +08:00 [GateWay] [Information] SkyApm.Service.ServiceDiscoveryV5Service : Loaded instrument service [SkyApm.Service.ServiceDiscoveryV5Service].
2020-11-12 15:24:55.490 +08:00 [GateWay] [Information] SkyApm.Service.SegmentReportService : Loaded instrument service [SkyApm.Service.SegmentReportService].
2020-11-12 15:24:55.490 +08:00 [GateWay] [Information] SkyApm.Service.CLRStatsService : Loaded instrument service [SkyApm.Service.CLRStatsService].
2020-11-12 15:24:55.490 +08:00 [GateWay] [Information] SkyApm.Sampling.SimpleCountSamplingInterceptor : Loaded instrument service [SkyApm.Sampling.SimpleCountSamplingInterceptor].
2020-11-12 15:24:55.491 +08:00 [GateWay] [Information] SkyApm.Transport.Grpc.V6.ConnectService : Loaded instrument service [SkyApm.Transport.Grpc.V6.ConnectService].
2020-11-12 15:24:55.548 +08:00 [GateWay] [Information] SkyApm.Diagnostics.TracingDiagnosticProcessorObserver : Loaded diagnostic listener [Microsoft.AspNetCore].
2020-11-12 15:24:55.549 +08:00 [GateWay] [Information] SkyApm.InstrumentStartup : Started SkyAPM .NET Core Agent.
2020-11-12 15:24:55.625 +08:00 [GateWay] [Information] SkyApm.Transport.Grpc.ConnectionManager : Connected server[120.79.246.191:11800].
2020-11-12 15:24:56.211 +08:00 [GateWay] [Error] SkyApm.Transport.Grpc.V6.ServiceRegister : Register service fail.
Grpc.Core.RpcException: Status(StatusCode=Unimplemented, Detail="Method not found: Register/doServiceRegister")
   at SkyApm.Transport.Grpc.V6.ServiceRegister.<>c__DisplayClass9_0.<<RegisterServiceAsync>b__0>d.MoveNext()
--- End of stack trace from previous location where exception was thrown ---
   at SkyApm.Transport.Grpc.Common.Call.Execute[T](Func`1 task, Func`1 errCallback, Func`1 errMessage)
2020-11-12 15:24:56.211 +08:00 [GateWay] [Warning] SkyApm.Transport.Grpc.ConnectionManager : Connection state changed. Connected -> Ready . Status(StatusCode=Unimplemented, Detail="Method not found: Register/doServiceRegister")
